2022-12-10 16:12:17,390 INFO Введите номер вертикали (при счете слева направо) для первой фигуры: 
2022-12-10 16:12:18,174 INFO Пользователь ввел: 3
2022-12-10 16:12:18,174 INFO Корректное значение введенное пользователем: 3
2022-12-10 16:12:18,174 INFO Введите номер горизонтали (при счете снизу вверх) для первой фигуры: 
2022-12-10 16:12:18,704 INFO Пользователь ввел: 5
2022-12-10 16:12:18,705 INFO Корректное значение введенное пользователем: 5
2022-12-10 16:12:18,705 INFO Введите номер вертикали (при счете слева направо) для второй фигуры: 
2022-12-10 16:12:19,467 INFO Пользователь ввел: 1
2022-12-10 16:12:19,467 INFO Корректное значение введенное пользователем: 1
2022-12-10 16:12:19,467 INFO Введите номер горизонтали (при счете снизу вверх) для второй фигуры: 
2022-12-10 16:12:21,528 INFO Пользователь ввел: -3
2022-12-10 16:12:21,528 ERROR Ошибка: нужно ввести число от 1 до 8!
2022-12-10 16:12:21,528 INFO Введите номер горизонтали (при счете снизу вверх) для второй фигуры: 
2022-12-10 16:12:25,800 INFO Пользователь ввел: 7
2022-12-10 16:12:25,800 INFO Корректное значение введенное пользователем: 7
2022-12-10 16:12:25,800 INFO Введенные координаты клеток отличаются
2022-12-10 16:12:25,801 INFO Выберите название для второй фигуры из предложенных:
1 - слон
2 - конь
3 - ладья
4 - ферзь
2022-12-10 16:12:25,802 INFO >>> 
2022-12-10 16:12:26,822 INFO Пользователь ввел: 3
2022-12-10 16:12:26,822 INFO Корректное значение введенное пользователем: 3
2022-12-10 16:12:26,823 INFO а) Фигуры стоят на одинаковых по цвету клетках
2022-12-10 16:12:26,823 INFO б) Вторая фигура не угрожает первой
2022-12-10 16:12:26,824 INFO в) Вторая фигура может срубить первую на клетке C7
2022-12-10 16:13:38,620 INFO Введите номер вертикали (при счете слева направо) для первой фигуры: 
2022-12-10 16:13:40,478 INFO Пользователь ввел: 3
2022-12-10 16:13:40,479 INFO Корректное значение введенное пользователем: 3
2022-12-10 16:13:40,479 INFO Введите номер горизонтали (при счете снизу вверх) для первой фигуры: 
2022-12-10 16:13:42,559 INFO Пользователь ввел: 5
2022-12-10 16:13:42,559 INFO Корректное значение введенное пользователем: 5
2022-12-10 16:13:42,559 INFO Введите номер вертикали (при счете слева направо) для второй фигуры: 
2022-12-10 16:13:43,985 INFO Пользователь ввел: 2
2022-12-10 16:13:43,985 INFO Корректное значение введенное пользователем: 2
2022-12-10 16:13:43,986 INFO Введите номер горизонтали (при счете снизу вверх) для второй фигуры: 
2022-12-10 16:13:44,600 INFO Пользователь ввел: 8
2022-12-10 16:13:44,600 INFO Корректное значение введенное пользователем: 8
2022-12-10 16:13:44,600 INFO Введенные координаты клеток отличаются
2022-12-10 16:13:44,601 INFO Выберите название для второй фигуры из предложенных:
1 - слон
2 - конь
3 - ладья
4 - ферзь
2022-12-10 16:13:44,601 INFO >>> 
2022-12-10 16:13:46,534 INFO Пользователь ввел: 4
2022-12-10 16:13:46,534 INFO Корректное значение введенное пользователем: 4
2022-12-10 16:13:46,535 INFO а) Фигуры стоят на одинаковых по цвету клетках
2022-12-10 16:13:46,535 INFO б) Вторая фигура не угрожает первой
2022-12-10 16:13:46,535 INFO в) Вторая фигура может срубить первую на клетке C8
2022-12-10 16:13:50,071 INFO Введите номер вертикали (при счете слева направо) для первой фигуры: 
2022-12-10 16:13:51,570 ERROR Ошибка: нужно ввести число!
Traceback (most recent call last):
  File "C:\Users\zlaty\Desktop\Лабы\Лабораторная работа 7\Фт-210007Кириллов.py", line 47, in input_int
    num = int(input(msg))
          ^^^^^^^^^^^^^^^
ValueError: invalid literal for int() with base 10: 'f'
2022-12-10 16:13:51,576 INFO Введите номер вертикали (при счете слева направо) для первой фигуры: 
2022-12-10 16:13:55,097 INFO Пользователь ввел: 1
2022-12-10 16:13:55,098 INFO Корректное значение введенное пользователем: 1
2022-12-10 16:13:55,098 INFO Введите номер горизонтали (при счете снизу вверх) для первой фигуры: 
2022-12-10 16:13:55,468 INFO Пользователь ввел: 1
2022-12-10 16:13:55,468 INFO Корректное значение введенное пользователем: 1
2022-12-10 16:13:55,469 INFO Введите номер вертикали (при счете слева направо) для второй фигуры: 
2022-12-10 16:13:56,251 INFO Пользователь ввел: 8
2022-12-10 16:13:56,251 INFO Корректное значение введенное пользователем: 8
2022-12-10 16:13:56,251 INFO Введите номер горизонтали (при счете снизу вверх) для второй фигуры: 
2022-12-10 16:13:56,726 INFO Пользователь ввел: 8
2022-12-10 16:13:56,726 INFO Корректное значение введенное пользователем: 8
2022-12-10 16:13:56,726 INFO Введенные координаты клеток отличаются
2022-12-10 16:13:56,727 INFO Выберите название для второй фигуры из предложенных:
1 - слон
2 - конь
3 - ладья
4 - ферзь
2022-12-10 16:13:56,728 INFO >>> 
2022-12-10 16:13:59,653 INFO Пользователь ввел: 4
2022-12-10 16:13:59,653 INFO Корректное значение введенное пользователем: 4
2022-12-10 16:13:59,654 INFO а) Фигуры стоят на одинаковых по цвету клетках
2022-12-10 16:13:59,654 INFO б) Первая фигура находится под угрозой второй
2022-12-10 16:13:59,655 INFO в) Вторая фигура может срубить первую за один ход.
2022-12-10 16:14:19,337 INFO Введите номер вертикали (при счете слева направо) для первой фигуры: 
2022-12-10 16:14:20,016 INFO Пользователь ввел: 3
2022-12-10 16:14:20,016 INFO Корректное значение введенное пользователем: 3
2022-12-10 16:14:20,016 INFO Введите номер горизонтали (при счете снизу вверх) для первой фигуры: 
2022-12-10 16:14:20,798 INFO Пользователь ввел: 5
2022-12-10 16:14:20,798 INFO Корректное значение введенное пользователем: 5
2022-12-10 16:14:20,798 INFO Введите номер вертикали (при счете слева направо) для второй фигуры: 
2022-12-10 16:14:21,530 INFO Пользователь ввел: 2
2022-12-10 16:14:21,530 INFO Корректное значение введенное пользователем: 2
2022-12-10 16:14:21,530 INFO Введите номер горизонтали (при счете снизу вверх) для второй фигуры: 
2022-12-10 16:14:22,291 INFO Пользователь ввел: 8
2022-12-10 16:14:22,292 INFO Корректное значение введенное пользователем: 8
2022-12-10 16:14:22,292 INFO Введенные координаты клеток отличаются
2022-12-10 16:14:22,293 INFO Выберите название для второй фигуры из предложенных:
1 - слон
2 - конь
3 - ладья
4 - ферзь
2022-12-10 16:14:22,294 INFO >>> 
2022-12-10 16:14:24,217 INFO Пользователь ввел: 1
2022-12-10 16:14:24,217 INFO Корректное значение введенное пользователем: 1
2022-12-10 16:14:24,217 INFO а) Фигуры стоят на одинаковых по цвету клетках
2022-12-10 16:14:24,218 INFO б) Вторая фигура не угрожает первой
2022-12-10 16:14:24,218 INFO в) Вторая фигура может срубить первую на клетке D6
2022-12-10 16:14:39,038 INFO Введите номер вертикали (при счете слева направо) для первой фигуры: 
2022-12-10 16:14:39,850 INFO Пользователь ввел: 3
2022-12-10 16:14:39,850 INFO Корректное значение введенное пользователем: 3
2022-12-10 16:14:39,850 INFO Введите номер горизонтали (при счете снизу вверх) для первой фигуры: 
2022-12-10 16:14:40,553 INFO Пользователь ввел: 5
2022-12-10 16:14:40,553 INFO Корректное значение введенное пользователем: 5
2022-12-10 16:14:40,554 INFO Введите номер вертикали (при счете слева направо) для второй фигуры: 
2022-12-10 16:14:41,209 INFO Пользователь ввел: 2
2022-12-10 16:14:41,210 INFO Корректное значение введенное пользователем: 2
2022-12-10 16:14:41,210 INFO Введите номер горизонтали (при счете снизу вверх) для второй фигуры: 
2022-12-10 16:14:41,800 INFO Пользователь ввел: 8
2022-12-10 16:14:41,801 INFO Корректное значение введенное пользователем: 8
2022-12-10 16:14:41,801 INFO Введенные координаты клеток отличаются
2022-12-10 16:14:41,801 INFO Выберите название для второй фигуры из предложенных:
1 - слон
2 - конь
3 - ладья
4 - ферзь
2022-12-10 16:14:41,802 INFO >>> 
2022-12-10 16:14:43,605 INFO Пользователь ввел: 1
2022-12-10 16:14:43,605 INFO Корректное значение введенное пользователем: 1
2022-12-10 16:14:43,605 INFO а) Фигуры стоят на одинаковых по цвету клетках
2022-12-10 16:14:43,606 INFO б) Вторая фигура не угрожает первой
2022-12-10 16:14:43,606 INFO в) Вторая фигура может срубить первую на клетке D6
2022-12-10 16:15:02,024 INFO Введите номер вертикали (при счете слева направо) для первой фигуры: 
2022-12-10 16:15:03,614 INFO Пользователь ввел: 1
2022-12-10 16:15:03,614 INFO Корректное значение введенное пользователем: 1
2022-12-10 16:15:03,615 INFO Введите номер горизонтали (при счете снизу вверх) для первой фигуры: 
2022-12-10 16:15:04,211 INFO Пользователь ввел: 1
2022-12-10 16:15:04,212 INFO Корректное значение введенное пользователем: 1
2022-12-10 16:15:04,212 INFO Введите номер вертикали (при счете слева направо) для второй фигуры: 
2022-12-10 16:15:04,881 INFO Пользователь ввел: 8
2022-12-10 16:15:04,881 INFO Корректное значение введенное пользователем: 8
2022-12-10 16:15:04,881 INFO Введите номер горизонтали (при счете снизу вверх) для второй фигуры: 
2022-12-10 16:15:05,416 INFO Пользователь ввел: 8
2022-12-10 16:15:05,417 INFO Корректное значение введенное пользователем: 8
2022-12-10 16:15:05,417 INFO Введенные координаты клеток отличаются
2022-12-10 16:15:05,418 INFO Выберите название для второй фигуры из предложенных:
1 - слон
2 - конь
3 - ладья
4 - ферзь
2022-12-10 16:15:05,418 INFO >>> 
2022-12-10 16:15:06,983 INFO Пользователь ввел: 2
2022-12-10 16:15:06,983 INFO Корректное значение введенное пользователем: 2
2022-12-10 16:15:06,984 INFO а) Фигуры стоят на одинаковых по цвету клетках
2022-12-10 16:15:06,984 INFO б) Вторая фигура не угрожает первой
2022-12-10 16:15:06,985 INFO в) Вторая фигура не может срубить первую за 2 хода
2022-12-10 16:15:24,947 INFO Введите номер вертикали (при счете слева направо) для первой фигуры: 
2022-12-10 16:15:29,908 INFO Пользователь ввел: 5
2022-12-10 16:15:29,908 INFO Корректное значение введенное пользователем: 5
2022-12-10 16:15:29,909 INFO Введите номер горизонтали (при счете снизу вверх) для первой фигуры: 
2022-12-10 16:15:31,640 INFO Пользователь ввел: 4
2022-12-10 16:15:31,640 INFO Корректное значение введенное пользователем: 4
2022-12-10 16:15:31,640 INFO Введите номер вертикали (при счете слева направо) для второй фигуры: 
2022-12-10 16:15:32,574 INFO Пользователь ввел: 2
2022-12-10 16:15:32,574 INFO Корректное значение введенное пользователем: 2
2022-12-10 16:15:32,575 INFO Введите номер горизонтали (при счете снизу вверх) для второй фигуры: 
2022-12-10 16:15:34,419 INFO Пользователь ввел: 7
2022-12-10 16:15:34,419 INFO Корректное значение введенное пользователем: 7
2022-12-10 16:15:34,419 INFO Введенные координаты клеток отличаются
2022-12-10 16:15:34,420 INFO Выберите название для второй фигуры из предложенных:
1 - слон
2 - конь
3 - ладья
4 - ферзь
2022-12-10 16:15:34,420 INFO >>> 
2022-12-10 16:15:35,491 INFO Пользователь ввел: 4
2022-12-10 16:15:35,492 INFO Корректное значение введенное пользователем: 4
2022-12-10 16:15:35,493 INFO а) Фигуры стоят на одинаковых по цвету клетках
2022-12-10 16:15:35,493 INFO б) Первая фигура находится под угрозой второй
2022-12-10 16:15:35,494 INFO в) Вторая фигура может срубить первую за один ход.
2022-12-10 16:16:16,921 INFO Введите номер вертикали (при счете слева направо) для первой фигуры: 
2022-12-10 16:16:17,599 ERROR Ошибка: нужно ввести число!
Traceback (most recent call last):
  File "C:\Users\zlaty\Desktop\Лабы\Лабораторная работа 7\Фт-210007Кириллов.py", line 47, in input_int
    num = int(input(msg))
          ^^^^^^^^^^^^^^^
ValueError: invalid literal for int() with base 10: 'g'
2022-12-10 16:16:17,642 INFO Введите номер вертикали (при счете слева направо) для первой фигуры: 
2022-12-10 16:16:18,463 INFO Пользователь ввел: 3
2022-12-10 16:16:18,464 INFO Корректное значение введенное пользователем: 3
2022-12-10 16:16:18,464 INFO Введите номер горизонтали (при счете снизу вверх) для первой фигуры: 
2022-12-10 16:16:19,069 ERROR Ошибка: нужно ввести число!
Traceback (most recent call last):
  File "C:\Users\zlaty\Desktop\Лабы\Лабораторная работа 7\Фт-210007Кириллов.py", line 47, in input_int
    num = int(input(msg))
          ^^^^^^^^^^^^^^^
ValueError: invalid literal for int() with base 10: 's'
2022-12-10 16:16:19,070 INFO Введите номер горизонтали (при счете снизу вверх) для первой фигуры: 
2022-12-10 16:16:19,909 INFO Пользователь ввел: 5
2022-12-10 16:16:19,909 INFO Корректное значение введенное пользователем: 5
2022-12-10 16:16:19,909 INFO Введите номер вертикали (при счете слева направо) для второй фигуры: 
2022-12-10 16:16:20,496 ERROR Ошибка: нужно ввести число!
Traceback (most recent call last):
  File "C:\Users\zlaty\Desktop\Лабы\Лабораторная работа 7\Фт-210007Кириллов.py", line 47, in input_int
    num = int(input(msg))
          ^^^^^^^^^^^^^^^
ValueError: invalid literal for int() with base 10: 'h'
2022-12-10 16:16:20,497 INFO Введите номер вертикали (при счете слева направо) для второй фигуры: 
2022-12-10 16:16:21,712 INFO Пользователь ввел: 3
2022-12-10 16:16:21,712 INFO Корректное значение введенное пользователем: 3
2022-12-10 16:16:21,712 INFO Введите номер горизонтали (при счете снизу вверх) для второй фигуры: 
2022-12-10 16:16:23,033 ERROR Ошибка: нужно ввести число!
Traceback (most recent call last):
  File "C:\Users\zlaty\Desktop\Лабы\Лабораторная работа 7\Фт-210007Кириллов.py", line 47, in input_int
    num = int(input(msg))
          ^^^^^^^^^^^^^^^
ValueError: invalid literal for int() with base 10: 's'
2022-12-10 16:16:23,034 INFO Введите номер горизонтали (при счете снизу вверх) для второй фигуры: 
2022-12-10 16:16:24,797 INFO Пользователь ввел: 3
2022-12-10 16:16:24,797 INFO Корректное значение введенное пользователем: 3
2022-12-10 16:16:24,798 INFO Введенные координаты клеток отличаются
2022-12-10 16:16:24,798 INFO Выберите название для второй фигуры из предложенных:
1 - слон
2 - конь
3 - ладья
4 - ферзь
2022-12-10 16:16:24,798 INFO >>> 
2022-12-10 16:16:25,919 ERROR Ошибка: нужно ввести число!
Traceback (most recent call last):
  File "C:\Users\zlaty\Desktop\Лабы\Лабораторная работа 7\Фт-210007Кириллов.py", line 47, in input_int
    num = int(input(msg))
          ^^^^^^^^^^^^^^^
ValueError: invalid literal for int() with base 10: 'g'
2022-12-10 16:16:25,920 INFO >>> 
2022-12-10 16:16:26,688 INFO Пользователь ввел: 3
2022-12-10 16:16:26,688 INFO Корректное значение введенное пользователем: 3
2022-12-10 16:16:26,689 INFO а) Фигуры стоят на одинаковых по цвету клетках
2022-12-10 16:16:26,689 INFO б) Первая фигура находится под угрозой второй
2022-12-10 16:16:26,689 INFO в) Вторая фигура может срубить первую за один ход.
